<?xml version="1.0" encoding="UTF-8"?>
<!-- Generated by org.testng.reporters.JUnitReportReporter -->
<testsuite hostname="DESKTOP-PQ9NV9M" failures="0" tests="1" name="com.michaels.testcases.TestMapAddress" time="27.865" errors="0" timestamp="2021-01-04T00:20:03 IST" skipped="0">
  <testcase classname="com.michaels.testcases.TestMapAddress" name="checkDirection" time="27.865"/>
  <system-out/>
</testsuite> <!-- com.michaels.testcases.TestMapAddress -->
