<?xml version="1.0" encoding="UTF-8"?>
<!-- Generated by org.testng.reporters.JUnitReportReporter -->
<testsuite hostname="DESKTOP-PQ9NV9M" failures="0" tests="1" name="com.michaels.testcases.TestContactMenu" time="25.858" errors="0" timestamp="2021-01-03T00:22:37 IST" skipped="0">
  <testcase classname="com.michaels.testcases.TestContactMenu" name="testContact" time="25.858"/>
  <system-out/>
</testsuite> <!-- com.michaels.testcases.TestContactMenu -->
