<?xml version="1.0" encoding="UTF-8"?>
<!-- Generated by org.testng.reporters.JUnitReportReporter -->
<testsuite hostname="DESKTOP-PQ9NV9M" failures="0" tests="3" name="com.michaels.testcases.TestStoreFilter" time="62.777" errors="0" timestamp="2021-01-04T00:36:44 IST" skipped="0">
  <testcase classname="com.michaels.testcases.TestStoreFilter" name="filterButtonVisibility" time="20.031"/>
  <system-out/>
  <testcase classname="com.michaels.testcases.TestStoreFilter" name="filtercheckboxesVisibility" time="19.966"/>
  <system-out/>
  <testcase classname="com.michaels.testcases.TestStoreFilter" name="storeList" time="22.780"/>
  <system-out/>
</testsuite> <!-- com.michaels.testcases.TestStoreFilter -->
