<?xml version="1.0" encoding="UTF-8"?>
<!-- Generated by org.testng.reporters.JUnitReportReporter -->
<testsuite hostname="DESKTOP-PQ9NV9M" failures="0" tests="1" name="com.michaels.testcases.TestLogo" time="20.278" errors="0" timestamp="2020-12-06T23:45:16 IST" skipped="0">
  <testcase classname="com.michaels.testcases.TestLogo" name="testLogo" time="20.278"/>
  <system-out/>
</testsuite> <!-- com.michaels.testcases.TestLogo -->
