<?xml version="1.0" encoding="UTF-8"?>
<!-- Generated by org.testng.reporters.JUnitReportReporter -->
<testsuite hostname="DESKTOP-PQ9NV9M" failures="0" tests="6" name="com.michaels.testcases.TestTopMenu" time="176.830" errors="0" timestamp="2021-01-12T19:27:59 IST" skipped="0">
  <testcase classname="com.michaels.testcases.TestTopMenu" name="testLogo" time="23.817"/>
  <system-out/>
  <testcase classname="com.michaels.testcases.TestTopMenu" name="testCustomFraming" time="25.058"/>
  <system-out/>
  <testcase classname="com.michaels.testcases.TestTopMenu" name="testMichaelsReward" time="53.662"/>
  <system-out/>
  <testcase classname="com.michaels.testcases.TestTopMenu" name="testGiftCard" time="24.953"/>
  <system-out/>
  <testcase classname="com.michaels.testcases.TestTopMenu" name="testClassesAndEvents" time="24.377"/>
  <system-out/>
  <testcase classname="com.michaels.testcases.TestTopMenu" name="testCoupons" time="24.963"/>
  <system-out/>
</testsuite> <!-- com.michaels.testcases.TestTopMenu -->
