<?xml version="1.0" encoding="UTF-8"?>
<!-- Generated by org.testng.reporters.JUnitReportReporter -->
<testsuite hostname="DESKTOP-PQ9NV9M" failures="0" tests="2" name="com.michaels.testcases.TestStoreInformation" time="71.014" errors="0" timestamp="2021-01-12T19:17:07 IST" skipped="0">
  <testcase classname="com.michaels.testcases.TestStoreInformation" name="verifyStoreName" time="31.418"/>
  <system-out/>
  <testcase classname="com.michaels.testcases.TestStoreInformation" name="verifyStoreNumber" time="39.596"/>
  <system-out/>
</testsuite> <!-- com.michaels.testcases.TestStoreInformation -->
