<?xml version="1.0" encoding="UTF-8"?>
<!-- Generated by org.testng.reporters.JUnitReportReporter -->
<testsuite hostname="DESKTOP-PQ9NV9M" failures="0" tests="1" name="com.michaels.testcases.TestOpeningDays" time="23.867" errors="0" timestamp="2021-01-12T19:30:10 IST" skipped="0">
  <testcase classname="com.michaels.testcases.TestOpeningDays" name="testOpeningDays" time="23.867"/>
  <system-out/>
</testsuite> <!-- com.michaels.testcases.TestOpeningDays -->
