<?xml version="1.0" encoding="UTF-8"?>
<!-- Generated by org.testng.reporters.JUnitReportReporter -->
<testsuite hostname="DESKTOP-PQ9NV9M" failures="0" tests="3" name="com.michaels.testcases.TestStoreFilter" time="72.088" errors="0" timestamp="2021-01-12T19:15:47 IST" skipped="0">
  <testcase classname="com.michaels.testcases.TestStoreFilter" name="filterButtonVisibility" time="19.087"/>
  <system-out/>
  <testcase classname="com.michaels.testcases.TestStoreFilter" name="filtercheckboxesVisibility" time="19.974"/>
  <system-out/>
  <testcase classname="com.michaels.testcases.TestStoreFilter" name="storeList" time="33.027"/>
  <system-out/>
</testsuite> <!-- com.michaels.testcases.TestStoreFilter -->
