<?xml version="1.0" encoding="UTF-8"?>
<!-- Generated by org.testng.reporters.JUnitReportReporter -->
<testsuite hostname="DESKTOP-PQ9NV9M" failures="0" tests="1" name="com.michaels.testcases.TestMapAddress" time="29.966" errors="0" timestamp="2021-01-12T19:24:12 IST" skipped="0">
  <testcase classname="com.michaels.testcases.TestMapAddress" name="checkDirection" time="29.966"/>
  <system-out/>
</testsuite> <!-- com.michaels.testcases.TestMapAddress -->
