<?xml version="1.0" encoding="UTF-8"?>
<!-- Generated by org.testng.reporters.JUnitReportReporter -->
<testsuite hostname="DESKTOP-PQ9NV9M" failures="0" tests="2" name="com.michaels.testcases.TestStoreInformation" time="58.497" errors="0" timestamp="2021-01-03T00:26:37 IST" skipped="0">
  <testcase classname="com.michaels.testcases.TestStoreInformation" name="verifyStoreName" time="28.188"/>
  <system-out/>
  <testcase classname="com.michaels.testcases.TestStoreInformation" name="verifyStoreNumber" time="30.309"/>
  <system-out/>
</testsuite> <!-- com.michaels.testcases.TestStoreInformation -->
