<?xml version="1.0" encoding="UTF-8"?>
<!-- Generated by org.testng.reporters.JUnitReportReporter -->
<testsuite hostname="DESKTOP-PQ9NV9M" failures="0" tests="2" name="com.michaels.testcases.TestStoreLocator" time="36.213" errors="0" timestamp="2020-12-06T14:12:46 IST" skipped="0">
  <testcase classname="com.michaels.testcases.TestStoreLocator" name="filterButtonVisibility" time="18.947"/>
  <system-out/>
  <testcase classname="com.michaels.testcases.TestStoreLocator" name="filtercheckboxesVisibility" time="17.266"/>
  <system-out/>
</testsuite> <!-- com.michaels.testcases.TestStoreLocator -->
