<?xml version="1.0" encoding="UTF-8"?>
<!-- Generated by org.testng.reporters.JUnitReportReporter -->
<testsuite hostname="DESKTOP-PQ9NV9M" failures="0" tests="6" name="com.michaels.testcases.TestTopMenu" time="146.320" errors="0" timestamp="2021-01-03T00:29:26 IST" skipped="0">
  <testcase classname="com.michaels.testcases.TestTopMenu" name="testLogo" time="24.874"/>
  <system-out/>
  <testcase classname="com.michaels.testcases.TestTopMenu" name="testCustomFraming" time="23.138"/>
  <system-out/>
  <testcase classname="com.michaels.testcases.TestTopMenu" name="testMichaelsReward" time="23.475"/>
  <system-out/>
  <testcase classname="com.michaels.testcases.TestTopMenu" name="testGiftCard" time="22.905"/>
  <system-out/>
  <testcase classname="com.michaels.testcases.TestTopMenu" name="testClassesAndEvents" time="25.569"/>
  <system-out/>
  <testcase classname="com.michaels.testcases.TestTopMenu" name="testCoupons" time="26.359"/>
  <system-out/>
</testsuite> <!-- com.michaels.testcases.TestTopMenu -->
